[2023-06-01T15:54:51.526+0300] {taskinstance.py:1103} INFO - Dependencies all met for dep_context=non-requeueable deps ti=<TaskInstance: space_missions.get_images scheduled__2023-05-30T00:00:00+00:00 [queued]>
[2023-06-01T15:54:51.538+0300] {taskinstance.py:1103} INFO - Dependencies all met for dep_context=requeueable deps ti=<TaskInstance: space_missions.get_images scheduled__2023-05-30T00:00:00+00:00 [queued]>
[2023-06-01T15:54:51.538+0300] {taskinstance.py:1308} INFO - Starting attempt 1 of 6
[2023-06-01T15:54:51.554+0300] {taskinstance.py:1327} INFO - Executing <Task(PythonOperator): get_images> on 2023-05-30 00:00:00+00:00
[2023-06-01T15:54:51.559+0300] {standard_task_runner.py:57} INFO - Started process 21777 to run task
[2023-06-01T15:54:51.564+0300] {standard_task_runner.py:84} INFO - Running: ['***', 'tasks', 'run', 'space_missions', 'get_images', 'scheduled__2023-05-30T00:00:00+00:00', '--job-id', '7', '--raw', '--subdir', 'DAGS_FOLDER/space_missions.py', '--cfg-path', '/tmp/tmpjn8_plw_']
[2023-06-01T15:54:51.566+0300] {standard_task_runner.py:85} INFO - Job 7: Subtask get_images
[2023-06-01T15:54:51.662+0300] {task_command.py:410} INFO - Running <TaskInstance: space_missions.get_images scheduled__2023-05-30T00:00:00+00:00 [running]> on host mutwiri
[2023-06-01T15:54:51.936+0300] {taskinstance.py:1545} INFO - Exporting env vars: AIRFLOW_CTX_DAG_EMAIL='franklinmutwiri41@gmail.com' AIRFLOW_CTX_DAG_OWNER='***' AIRFLOW_CTX_DAG_ID='space_missions' AIRFLOW_CTX_TASK_ID='get_images' AIRFLOW_CTX_EXECUTION_DATE='2023-05-30T00:00:00+00:00' AIRFLOW_CTX_TRY_NUMBER='1' AIRFLOW_CTX_DAG_RUN_ID='scheduled__2023-05-30T00:00:00+00:00'
[2023-06-01T15:54:53.967+0300] {logging_mixin.py:149} INFO - Downloaded https://spacelaunchnow-prod-east.nyc3.digitaloceanspaces.com/media/launch_images/falcon2520925_image_20210922155355.jpeg to ../images/falcon2520925_image_20210922155355.jpeg
[2023-06-01T15:54:56.334+0300] {logging_mixin.py:149} INFO - Downloaded https://spacelaunchnow-prod-east.nyc3.digitaloceanspaces.com/media/launch_images/falcon2520925_image_20230503085110.png to ../images/falcon2520925_image_20230503085110.png
[2023-06-01T15:54:58.754+0300] {logging_mixin.py:149} INFO - Downloaded https://spacelaunchnow-prod-east.nyc3.digitaloceanspaces.com/media/launcher_images/falcon_9_block__image_20210506060831.jpg to ../images/falcon_9_block__image_20210506060831.jpg
[2023-06-01T15:55:01.182+0300] {logging_mixin.py:149} INFO - Downloaded https://spacelaunchnow-prod-east.nyc3.digitaloceanspaces.com/media/launcher_images/falcon_9_block__image_20210506060831.jpg to ../images/falcon_9_block__image_20210506060831.jpg
[2023-06-01T15:55:03.592+0300] {logging_mixin.py:149} INFO - Downloaded https://spacelaunchnow-prod-east.nyc3.digitaloceanspaces.com/media/launcher_images/ariane_5_eca25_image_20200220090552.jpeg to ../images/ariane_5_eca25_image_20200220090552.jpeg
[2023-06-01T15:55:05.973+0300] {logging_mixin.py:149} INFO - Downloaded https://spacelaunchnow-prod-east.nyc3.digitaloceanspaces.com/media/launcher_images/falcon_9_block__image_20210506060831.jpg to ../images/falcon_9_block__image_20210506060831.jpg
[2023-06-01T15:55:09.308+0300] {logging_mixin.py:149} INFO - Downloaded https://spacelaunchnow-prod-east.nyc3.digitaloceanspaces.com/media/launcher_images/delta_iv_heavy_image_20210426103838.jpg to ../images/delta_iv_heavy_image_20210426103838.jpg
[2023-06-01T15:55:11.310+0300] {logging_mixin.py:149} INFO - Downloaded https://spacelaunchnow-prod-east.nyc3.digitaloceanspaces.com/media/launcher_images/soyuz25202.1b_image_20190520165337.jpg to ../images/soyuz25202.1b_image_20190520165337.jpg
[2023-06-01T15:55:13.700+0300] {logging_mixin.py:149} INFO - Downloaded https://spacelaunchnow-prod-east.nyc3.digitaloceanspaces.com/media/launch_images/falcon2520925_image_20230522082449.png to ../images/falcon2520925_image_20230522082449.png
[2023-06-01T15:55:16.004+0300] {logging_mixin.py:149} INFO - Downloaded https://spacelaunchnow-prod-east.nyc3.digitaloceanspaces.com/media/launch_images/falcon2520925_image_20230503090440.png to ../images/falcon2520925_image_20230503090440.png
[2023-06-01T15:55:16.004+0300] {python.py:183} INFO - Done. Returned value was: None
[2023-06-01T15:55:16.024+0300] {taskinstance.py:1345} INFO - Marking task as SUCCESS. dag_id=space_missions, task_id=get_images, execution_date=20230530T000000, start_date=20230601T125451, end_date=20230601T125516
[2023-06-01T15:55:16.112+0300] {local_task_job_runner.py:225} INFO - Task exited with return code 0
[2023-06-01T15:55:16.150+0300] {taskinstance.py:2651} INFO - 1 downstream tasks scheduled from follow-on schedule check
[2023-06-02T08:56:40.255+0300] {taskinstance.py:1103} INFO - Dependencies all met for dep_context=non-requeueable deps ti=<TaskInstance: space_missions.get_images scheduled__2023-05-30T00:00:00+00:00 [queued]>
[2023-06-02T08:56:40.285+0300] {taskinstance.py:1103} INFO - Dependencies all met for dep_context=requeueable deps ti=<TaskInstance: space_missions.get_images scheduled__2023-05-30T00:00:00+00:00 [queued]>
[2023-06-02T08:56:40.286+0300] {taskinstance.py:1308} INFO - Starting attempt 1 of 6
[2023-06-02T08:56:40.324+0300] {taskinstance.py:1327} INFO - Executing <Task(PythonOperator): get_images> on 2023-05-30 00:00:00+00:00
[2023-06-02T08:56:40.329+0300] {standard_task_runner.py:57} INFO - Started process 21665 to run task
[2023-06-02T08:56:40.335+0300] {standard_task_runner.py:84} INFO - Running: ['***', 'tasks', 'run', 'space_missions', 'get_images', 'scheduled__2023-05-30T00:00:00+00:00', '--job-id', '34', '--raw', '--subdir', 'DAGS_FOLDER/space_missions.py', '--cfg-path', '/tmp/tmps0lqwaim']
[2023-06-02T08:56:40.337+0300] {standard_task_runner.py:85} INFO - Job 34: Subtask get_images
[2023-06-02T08:56:40.436+0300] {task_command.py:410} INFO - Running <TaskInstance: space_missions.get_images scheduled__2023-05-30T00:00:00+00:00 [running]> on host mutwiri
[2023-06-02T08:56:40.860+0300] {taskinstance.py:1545} INFO - Exporting env vars: AIRFLOW_CTX_DAG_EMAIL='franklinmutwiri41@gmail.com' AIRFLOW_CTX_DAG_OWNER='***' AIRFLOW_CTX_DAG_ID='space_missions' AIRFLOW_CTX_TASK_ID='get_images' AIRFLOW_CTX_EXECUTION_DATE='2023-05-30T00:00:00+00:00' AIRFLOW_CTX_TRY_NUMBER='1' AIRFLOW_CTX_DAG_RUN_ID='scheduled__2023-05-30T00:00:00+00:00'
[2023-06-02T08:56:40.861+0300] {taskinstance.py:1824} ERROR - Task failed with exception
Traceback (most recent call last):
  File "/usr/lib/python3.10/pathlib.py", line 1175, in mkdir
    self._accessor.mkdir(self, mode)
FileNotFoundError: [Errno 2] No such file or directory: '/airflow/images'

During handling of the above exception, another exception occurred:

Traceback (most recent call last):
  File "/home/mutwiri/airflow/airflow_env/lib/python3.10/site-packages/airflow/operators/python.py", line 181, in execute
    return_value = self.execute_callable()
  File "/home/mutwiri/airflow/airflow_env/lib/python3.10/site-packages/airflow/operators/python.py", line 198, in execute_callable
    return self.python_callable(*self.op_args, **self.op_kwargs)
  File "/home/mutwiri/airflow/dags/space_missions.py", line 32, in get_images
    pathlib.Path("/airflow/images").mkdir(parents=True, exist_ok=True)
  File "/usr/lib/python3.10/pathlib.py", line 1179, in mkdir
    self.parent.mkdir(parents=True, exist_ok=True)
  File "/usr/lib/python3.10/pathlib.py", line 1175, in mkdir
    self._accessor.mkdir(self, mode)
PermissionError: [Errno 13] Permission denied: '/airflow'
[2023-06-02T08:56:40.884+0300] {taskinstance.py:1345} INFO - Marking task as UP_FOR_RETRY. dag_id=space_missions, task_id=get_images, execution_date=20230530T000000, start_date=20230602T055640, end_date=20230602T055640
[2023-06-02T08:56:40.900+0300] {standard_task_runner.py:104} ERROR - Failed to execute job 34 for task get_images ([Errno 13] Permission denied: '/airflow'; 21665)
[2023-06-02T08:56:40.912+0300] {local_task_job_runner.py:225} INFO - Task exited with return code 1
[2023-06-02T08:56:40.961+0300] {taskinstance.py:2651} INFO - 0 downstream tasks scheduled from follow-on schedule check
